# JRE version: Java(TM) SE Runtime Environment (13.0.2+8) (build 13.0.2+8)
# Java VM: Java HotSpot(TM) 64-Bit Server VM (13.0.2+8, mixed mode, sharing, tiered, compressed oops, g1 gc, windows-amd64)
Heap:
 garbage-first heap   total 378880K, used 18163K [0x0000000701c00000, 0x0000000800000000)
  region size 1024K, 2 young (2048K), 2 survivors (2048K)
 Metaspace       used 3406K, capacity 5376K, committed 5504K, reserved 1056768K
  class space    used 357K, capacity 558K, committed 640K, reserved 1048576K
GC Heap History (20 events):
Event: 0.803 GC heap after
{Heap after GC invocations=2 (full 0):
 garbage-first heap   total 262144K, used 17748K [0x0000000701c00000, 0x0000000800000000)
  region size 1024K, 2 young (2048K), 2 survivors (2048K)
 Metaspace       used 3198K, capacity 5357K, committed 5504K, reserved 1056768K
  class space    used 342K, capacity 553K, committed 640K, reserved 1048576K
}
Event: 0.888 GC heap before
{Heap before GC invocations=2 (full 0):
 garbage-first heap   total 262144K, used 172372K [0x0000000701c00000, 0x0000000800000000)
  region size 1024K, 153 young (156672K), 2 survivors (2048K)
 Metaspace       used 3198K, capacity 5357K, committed 5504K, reserved 1056768K
  class space    used 342K, capacity 553K, committed 640K, reserved 1048576K
}
Event: 0.890 GC heap after
{Heap after GC invocations=3 (full 0):
 garbage-first heap   total 262144K, used 17771K [0x0000000701c00000, 0x0000000800000000)
  region size 1024K, 2 young (2048K), 2 survivors (2048K)
 Metaspace       used 3198K, capacity 5357K, committed 5504K, reserved 1056768K
  class space    used 342K, capacity 553K, committed 640K, reserved 1048576K
}
Event: 0.965 GC heap before
{Heap before GC invocations=3 (full 0):
 garbage-first heap   total 262144K, used 172395K [0x0000000701c00000, 0x0000000800000000)
  region size 1024K, 153 young (156672K), 2 survivors (2048K)
 Metaspace       used 3198K, capacity 5357K, committed 5504K, reserved 1056768K
  class space    used 342K, capacity 553K, committed 640K, reserved 1048576K
}
Event: 0.967 GC heap after
{Heap after GC invocations=4 (full 0):
 garbage-first heap   total 262144K, used 17785K [0x0000000701c00000, 0x0000000800000000)
  region size 1024K, 2 young (2048K), 2 survivors (2048K)
 Metaspace       used 3198K, capacity 5357K, committed 5504K, reserved 1056768K
  class space    used 342K, capacity 553K, committed 640K, reserved 1048576K
}
Event: 1.105 GC heap before
{Heap before GC invocations=4 (full 0):
 garbage-first heap   total 262144K, used 172409K [0x0000000701c00000, 0x0000000800000000)
  region size 1024K, 153 young (156672K), 2 survivors (2048K)
 Metaspace       used 3406K, capacity 5376K, committed 5504K, reserved 1056768K
  class space    used 357K, capacity 558K, committed 640K, reserved 1048576K
}
Event: 1.108 GC heap after
{Heap after GC invocations=5 (full 0):
 garbage-first heap   total 262144K, used 18187K [0x0000000701c00000, 0x0000000800000000)
  region size 1024K, 2 young (2048K), 2 survivors (2048K)
 Metaspace       used 3406K, capacity 5376K, committed 5504K, reserved 1056768K
  class space    used 357K, capacity 558K, committed 640K, reserved 1048576K
}
Event: 1.209 GC heap before
{Heap before GC invocations=5 (full 0):
 garbage-first heap   total 262144K, used 172811K [0x0000000701c00000, 0x0000000800000000)
  region size 1024K, 153 young (156672K), 2 survivors (2048K)
 Metaspace       used 3406K, capacity 5376K, committed 5504K, reserved 1056768K
  class space    used 357K, capacity 558K, committed 640K, reserved 1048576K
}
Event: 1.212 GC heap after
{Heap after GC invocations=6 (full 0):
 garbage-first heap   total 262144K, used 18129K [0x0000000701c00000, 0x0000000800000000)
  region size 1024K, 2 young (2048K), 2 survivors (2048K)
 Metaspace       used 3406K, capacity 5376K, committed 5504K, reserved 1056768K
  class space    used 357K, capacity 558K, committed 640K, reserved 1048576K
}
Event: 1.312 GC heap before
{Heap before GC invocations=6 (full 0):
 garbage-first heap   total 262144K, used 172753K [0x0000000701c00000, 0x0000000800000000)
  region size 1024K, 153 young (156672K), 2 survivors (2048K)
 Metaspace       used 3406K, capacity 5376K, committed 5504K, reserved 1056768K
  class space    used 357K, capacity 558K, committed 640K, reserved 1048576K
}
Event: 1.314 GC heap after
{Heap after GC invocations=7 (full 0):
 garbage-first heap   total 262144K, used 18181K [0x0000000701c00000, 0x0000000800000000)
  region size 1024K, 2 young (2048K), 2 survivors (2048K)
 Metaspace       used 3406K, capacity 5376K, committed 5504K, reserved 1056768K
  class space    used 357K, capacity 558K, committed 640K, reserved 1048576K
}
Event: 1.404 GC heap before
{Heap before GC invocations=7 (full 0):
 garbage-first heap   total 262144K, used 172805K [0x0000000701c00000, 0x0000000800000000)
  region size 1024K, 153 young (156672K), 2 survivors (2048K)
 Metaspace       used 3406K, capacity 5376K, committed 5504K, reserved 1056768K
  class space    used 357K, capacity 558K, committed 640K, reserved 1048576K
}
Event: 1.408 GC heap after
{Heap after GC invocations=8 (full 0):
 garbage-first heap   total 315392K, used 18176K [0x0000000701c00000, 0x0000000800000000)
  region size 1024K, 2 young (2048K), 2 survivors (2048K)
 Metaspace       used 3406K, capacity 5376K, committed 5504K, reserved 1056768K
  class space    used 357K, capacity 558K, committed 640K, reserved 1048576K
}
Event: 1.568 GC heap before
{Heap before GC invocations=8 (full 0):
 garbage-first heap   total 315392K, used 204544K [0x0000000701c00000, 0x0000000800000000)
  region size 1024K, 184 young (188416K), 2 survivors (2048K)
 Metaspace       used 3406K, capacity 5376K, committed 5504K, reserved 1056768K
  class space    used 357K, capacity 558K, committed 640K, reserved 1048576K
}
Event: 1.570 GC heap after
{Heap after GC invocations=9 (full 0):
 garbage-first heap   total 315392K, used 18273K [0x0000000701c00000, 0x0000000800000000)
  region size 1024K, 2 young (2048K), 2 survivors (2048K)
 Metaspace       used 3406K, capacity 5376K, committed 5504K, reserved 1056768K
  class space    used 357K, capacity 558K, committed 640K, reserved 1048576K
}
Event: 1.653 GC heap before
{Heap before GC invocations=9 (full 0):
 garbage-first heap   total 315392K, used 204641K [0x0000000701c00000, 0x0000000800000000)
  region size 1024K, 184 young (188416K), 2 survivors (2048K)
 Metaspace       used 3406K, capacity 5376K, committed 5504K, reserved 1056768K
  class space    used 357K, capacity 558K, committed 640K, reserved 1048576K
}
Event: 1.655 GC heap after
{Heap after GC invocations=10 (full 0):
 garbage-first heap   total 315392K, used 18254K [0x0000000701c00000, 0x0000000800000000)
  region size 1024K, 2 young (2048K), 2 survivors (2048K)
 Metaspace       used 3406K, capacity 5376K, committed 5504K, reserved 1056768K
  class space    used 357K, capacity 558K, committed 640K, reserved 1048576K
}
Event: 1.747 GC heap before
{Heap before GC invocations=10 (full 0):
 garbage-first heap   total 315392K, used 204622K [0x0000000701c00000, 0x0000000800000000)
  region size 1024K, 184 young (188416K), 2 survivors (2048K)
 Metaspace       used 3406K, capacity 5376K, committed 5504K, reserved 1056768K
  class space    used 357K, capacity 558K, committed 640K, reserved 1048576K
}
Event: 1.749 GC heap after
{Heap after GC invocations=11 (full 0):
 garbage-first heap   total 315392K, used 18299K [0x0000000701c00000, 0x0000000800000000)
  region size 1024K, 2 young (2048K), 2 survivors (2048K)
 Metaspace       used 3406K, capacity 5376K, committed 5504K, reserved 1056768K
  class space    used 357K, capacity 558K, committed 640K, reserved 1048576K
}
Event: 1.867 GC heap before
{Heap before GC invocations=11 (full 0):
 garbage-first heap   total 315392K, used 204667K [0x0000000701c00000, 0x0000000800000000)
  region size 1024K, 184 young (188416K), 2 survivors (2048K)
 Metaspace       used 3406K, capacity 5376K, committed 5504K, reserved 1056768K
  class space    used 357K, capacity 558K, committed 640K, reserved 1048576K
}

