# JRE version: Java(TM) SE Runtime Environment (13.0.2+8) (build 13.0.2+8)
# Java VM: Java HotSpot(TM) 64-Bit Server VM (13.0.2+8, mixed mode, sharing, tiered, compressed oops, g1 gc, windows-amd64)
Heap:
 garbage-first heap   total 529408K, used 18883K [0x0000000701c00000, 0x0000000800000000)
  region size 1024K, 3 young (3072K), 3 survivors (3072K)
 Metaspace       used 3447K, capacity 5466K, committed 5760K, reserved 1056768K
  class space    used 358K, capacity 569K, committed 640K, reserved 1048576K
GC Heap History (20 events):
Event: 0.748 GC heap after
{Heap after GC invocations=3 (full 0):
 garbage-first heap   total 262144K, used 18370K [0x0000000701c00000, 0x0000000800000000)
  region size 1024K, 2 young (2048K), 2 survivors (2048K)
 Metaspace       used 3237K, capacity 5447K, committed 5760K, reserved 1056768K
  class space    used 342K, capacity 564K, committed 640K, reserved 1048576K
}
Event: 0.778 GC heap before
{Heap before GC invocations=3 (full 0):
 garbage-first heap   total 262144K, used 172994K [0x0000000701c00000, 0x0000000800000000)
  region size 1024K, 153 young (156672K), 2 survivors (2048K)
 Metaspace       used 3239K, capacity 5447K, committed 5760K, reserved 1056768K
  class space    used 342K, capacity 564K, committed 640K, reserved 1048576K
}
Event: 0.781 GC heap after
{Heap after GC invocations=4 (full 0):
 garbage-first heap   total 262144K, used 18432K [0x0000000701c00000, 0x0000000800000000)
  region size 1024K, 2 young (2048K), 2 survivors (2048K)
 Metaspace       used 3239K, capacity 5447K, committed 5760K, reserved 1056768K
  class space    used 342K, capacity 564K, committed 640K, reserved 1048576K
}
Event: 0.807 GC heap before
{Heap before GC invocations=4 (full 0):
 garbage-first heap   total 262144K, used 173056K [0x0000000701c00000, 0x0000000800000000)
  region size 1024K, 153 young (156672K), 2 survivors (2048K)
 Metaspace       used 3239K, capacity 5447K, committed 5760K, reserved 1056768K
  class space    used 342K, capacity 564K, committed 640K, reserved 1048576K
}
Event: 0.810 GC heap after
{Heap after GC invocations=5 (full 0):
 garbage-first heap   total 315392K, used 18478K [0x0000000701c00000, 0x0000000800000000)
  region size 1024K, 3 young (3072K), 3 survivors (3072K)
 Metaspace       used 3239K, capacity 5447K, committed 5760K, reserved 1056768K
  class space    used 342K, capacity 564K, committed 640K, reserved 1048576K
}
Event: 0.863 GC heap before
{Heap before GC invocations=5 (full 0):
 garbage-first heap   total 315392K, used 203822K [0x0000000701c00000, 0x0000000800000000)
  region size 1024K, 184 young (188416K), 3 survivors (3072K)
 Metaspace       used 3239K, capacity 5447K, committed 5760K, reserved 1056768K
  class space    used 342K, capacity 564K, committed 640K, reserved 1048576K
}
Event: 0.865 GC heap after
{Heap after GC invocations=6 (full 0):
 garbage-first heap   total 315392K, used 18526K [0x0000000701c00000, 0x0000000800000000)
  region size 1024K, 3 young (3072K), 3 survivors (3072K)
 Metaspace       used 3239K, capacity 5447K, committed 5760K, reserved 1056768K
  class space    used 342K, capacity 564K, committed 640K, reserved 1048576K
}
Event: 0.906 GC heap before
{Heap before GC invocations=6 (full 0):
 garbage-first heap   total 315392K, used 203870K [0x0000000701c00000, 0x0000000800000000)
  region size 1024K, 184 young (188416K), 3 survivors (3072K)
 Metaspace       used 3239K, capacity 5447K, committed 5760K, reserved 1056768K
  class space    used 342K, capacity 564K, committed 640K, reserved 1048576K
}
Event: 0.908 GC heap after
{Heap after GC invocations=7 (full 0):
 garbage-first heap   total 315392K, used 18432K [0x0000000701c00000, 0x0000000800000000)
  region size 1024K, 2 young (2048K), 2 survivors (2048K)
 Metaspace       used 3239K, capacity 5447K, committed 5760K, reserved 1056768K
  class space    used 342K, capacity 564K, committed 640K, reserved 1048576K
}
Event: 0.944 GC heap before
{Heap before GC invocations=7 (full 0):
 garbage-first heap   total 315392K, used 204800K [0x0000000701c00000, 0x0000000800000000)
  region size 1024K, 184 young (188416K), 2 survivors (2048K)
 Metaspace       used 3239K, capacity 5447K, committed 5760K, reserved 1056768K
  class space    used 342K, capacity 564K, committed 640K, reserved 1048576K
}
Event: 0.947 GC heap after
{Heap after GC invocations=8 (full 0):
 garbage-first heap   total 315392K, used 18525K [0x0000000701c00000, 0x0000000800000000)
  region size 1024K, 3 young (3072K), 3 survivors (3072K)
 Metaspace       used 3239K, capacity 5447K, committed 5760K, reserved 1056768K
  class space    used 342K, capacity 564K, committed 640K, reserved 1048576K
}
Event: 0.975 GC heap before
{Heap before GC invocations=8 (full 0):
 garbage-first heap   total 315392K, used 203869K [0x0000000701c00000, 0x0000000800000000)
  region size 1024K, 184 young (188416K), 3 survivors (3072K)
 Metaspace       used 3239K, capacity 5447K, committed 5760K, reserved 1056768K
  class space    used 342K, capacity 564K, committed 640K, reserved 1048576K
}
Event: 0.979 GC heap after
{Heap after GC invocations=9 (full 0):
 garbage-first heap   total 378880K, used 18399K [0x0000000701c00000, 0x0000000800000000)
  region size 1024K, 2 young (2048K), 2 survivors (2048K)
 Metaspace       used 3239K, capacity 5447K, committed 5760K, reserved 1056768K
  class space    used 342K, capacity 564K, committed 640K, reserved 1048576K
}
Event: 1.041 GC heap before
{Heap before GC invocations=9 (full 0):
 garbage-first heap   total 378880K, used 243679K [0x0000000701c00000, 0x0000000800000000)
  region size 1024K, 222 young (227328K), 2 survivors (2048K)
 Metaspace       used 3375K, capacity 5466K, committed 5760K, reserved 1056768K
  class space    used 355K, capacity 569K, committed 640K, reserved 1048576K
}
Event: 1.044 GC heap after
{Heap after GC invocations=10 (full 0):
 garbage-first heap   total 378880K, used 18760K [0x0000000701c00000, 0x0000000800000000)
  region size 1024K, 3 young (3072K), 3 survivors (3072K)
 Metaspace       used 3375K, capacity 5466K, committed 5760K, reserved 1056768K
  class space    used 355K, capacity 569K, committed 640K, reserved 1048576K
}
Event: 1.088 GC heap before
{Heap before GC invocations=10 (full 0):
 garbage-first heap   total 378880K, used 243016K [0x0000000701c00000, 0x0000000800000000)
  region size 1024K, 222 young (227328K), 3 survivors (3072K)
 Metaspace       used 3447K, capacity 5466K, committed 5760K, reserved 1056768K
  class space    used 358K, capacity 569K, committed 640K, reserved 1048576K
}
Event: 1.091 GC heap after
{Heap after GC invocations=11 (full 0):
 garbage-first heap   total 378880K, used 18907K [0x0000000701c00000, 0x0000000800000000)
  region size 1024K, 3 young (3072K), 3 survivors (3072K)
 Metaspace       used 3447K, capacity 5466K, committed 5760K, reserved 1056768K
  class space    used 358K, capacity 569K, committed 640K, reserved 1048576K
}
Event: 1.131 GC heap before
{Heap before GC invocations=11 (full 0):
 garbage-first heap   total 378880K, used 243163K [0x0000000701c00000, 0x0000000800000000)
  region size 1024K, 222 young (227328K), 3 survivors (3072K)
 Metaspace       used 3447K, capacity 5466K, committed 5760K, reserved 1056768K
  class space    used 358K, capacity 569K, committed 640K, reserved 1048576K
}
Event: 1.134 GC heap after
{Heap after GC invocations=12 (full 0):
 garbage-first heap   total 378880K, used 18939K [0x0000000701c00000, 0x0000000800000000)
  region size 1024K, 3 young (3072K), 3 survivors (3072K)
 Metaspace       used 3447K, capacity 5466K, committed 5760K, reserved 1056768K
  class space    used 358K, capacity 569K, committed 640K, reserved 1048576K
}
Event: 1.183 GC heap before
{Heap before GC invocations=12 (full 0):
 garbage-first heap   total 378880K, used 242171K [0x0000000701c00000, 0x0000000800000000)
  region size 1024K, 222 young (227328K), 3 survivors (3072K)
 Metaspace       used 3447K, capacity 5466K, committed 5760K, reserved 1056768K
  class space    used 358K, capacity 569K, committed 640K, reserved 1048576K
}

