# JRE version: Java(TM) SE Runtime Environment (13.0.2+8) (build 13.0.2+8)
# Java VM: Java HotSpot(TM) 64-Bit Server VM (13.0.2+8, mixed mode, sharing, tiered, compressed oops, g1 gc, windows-amd64)
Heap:
 garbage-first heap   total 533504K, used 18905K [0x0000000701c00000, 0x0000000800000000)
  region size 1024K, 3 young (3072K), 3 survivors (3072K)
 Metaspace       used 3437K, capacity 5466K, committed 5760K, reserved 1056768K
  class space    used 358K, capacity 569K, committed 640K, reserved 1048576K
GC Heap History (20 events):
Event: 0.664 GC heap after
{Heap after GC invocations=3 (full 0):
 garbage-first heap   total 262144K, used 18523K [0x0000000701c00000, 0x0000000800000000)
  region size 1024K, 3 young (3072K), 3 survivors (3072K)
 Metaspace       used 3224K, capacity 5447K, committed 5760K, reserved 1056768K
  class space    used 342K, capacity 564K, committed 640K, reserved 1048576K
}
Event: 0.697 GC heap before
{Heap before GC invocations=3 (full 0):
 garbage-first heap   total 262144K, used 171099K [0x0000000701c00000, 0x0000000800000000)
  region size 1024K, 153 young (156672K), 3 survivors (3072K)
 Metaspace       used 3226K, capacity 5447K, committed 5760K, reserved 1056768K
  class space    used 342K, capacity 564K, committed 640K, reserved 1048576K
}
Event: 0.699 GC heap after
{Heap after GC invocations=4 (full 0):
 garbage-first heap   total 262144K, used 18478K [0x0000000701c00000, 0x0000000800000000)
  region size 1024K, 3 young (3072K), 3 survivors (3072K)
 Metaspace       used 3226K, capacity 5447K, committed 5760K, reserved 1056768K
  class space    used 342K, capacity 564K, committed 640K, reserved 1048576K
}
Event: 0.725 GC heap before
{Heap before GC invocations=4 (full 0):
 garbage-first heap   total 262144K, used 172078K [0x0000000701c00000, 0x0000000800000000)
  region size 1024K, 153 young (156672K), 3 survivors (3072K)
 Metaspace       used 3226K, capacity 5447K, committed 5760K, reserved 1056768K
  class space    used 342K, capacity 564K, committed 640K, reserved 1048576K
}
Event: 0.728 GC heap after
{Heap after GC invocations=5 (full 0):
 garbage-first heap   total 315392K, used 18479K [0x0000000701c00000, 0x0000000800000000)
  region size 1024K, 3 young (3072K), 3 survivors (3072K)
 Metaspace       used 3226K, capacity 5447K, committed 5760K, reserved 1056768K
  class space    used 342K, capacity 564K, committed 640K, reserved 1048576K
}
Event: 0.775 GC heap before
{Heap before GC invocations=5 (full 0):
 garbage-first heap   total 315392K, used 203823K [0x0000000701c00000, 0x0000000800000000)
  region size 1024K, 184 young (188416K), 3 survivors (3072K)
 Metaspace       used 3226K, capacity 5447K, committed 5760K, reserved 1056768K
  class space    used 342K, capacity 564K, committed 640K, reserved 1048576K
}
Event: 0.778 GC heap after
{Heap after GC invocations=6 (full 0):
 garbage-first heap   total 315392K, used 18478K [0x0000000701c00000, 0x0000000800000000)
  region size 1024K, 3 young (3072K), 3 survivors (3072K)
 Metaspace       used 3226K, capacity 5447K, committed 5760K, reserved 1056768K
  class space    used 342K, capacity 564K, committed 640K, reserved 1048576K
}
Event: 0.808 GC heap before
{Heap before GC invocations=6 (full 0):
 garbage-first heap   total 315392K, used 203822K [0x0000000701c00000, 0x0000000800000000)
  region size 1024K, 184 young (188416K), 3 survivors (3072K)
 Metaspace       used 3226K, capacity 5447K, committed 5760K, reserved 1056768K
  class space    used 342K, capacity 564K, committed 640K, reserved 1048576K
}
Event: 0.810 GC heap after
{Heap after GC invocations=7 (full 0):
 garbage-first heap   total 315392K, used 18410K [0x0000000701c00000, 0x0000000800000000)
  region size 1024K, 2 young (2048K), 2 survivors (2048K)
 Metaspace       used 3226K, capacity 5447K, committed 5760K, reserved 1056768K
  class space    used 342K, capacity 564K, committed 640K, reserved 1048576K
}
Event: 0.836 GC heap before
{Heap before GC invocations=7 (full 0):
 garbage-first heap   total 315392K, used 204778K [0x0000000701c00000, 0x0000000800000000)
  region size 1024K, 184 young (188416K), 2 survivors (2048K)
 Metaspace       used 3226K, capacity 5447K, committed 5760K, reserved 1056768K
  class space    used 342K, capacity 564K, committed 640K, reserved 1048576K
}
Event: 0.838 GC heap after
{Heap after GC invocations=8 (full 0):
 garbage-first heap   total 315392K, used 18525K [0x0000000701c00000, 0x0000000800000000)
  region size 1024K, 3 young (3072K), 3 survivors (3072K)
 Metaspace       used 3226K, capacity 5447K, committed 5760K, reserved 1056768K
  class space    used 342K, capacity 564K, committed 640K, reserved 1048576K
}
Event: 0.864 GC heap before
{Heap before GC invocations=8 (full 0):
 garbage-first heap   total 315392K, used 203869K [0x0000000701c00000, 0x0000000800000000)
  region size 1024K, 184 young (188416K), 3 survivors (3072K)
 Metaspace       used 3226K, capacity 5447K, committed 5760K, reserved 1056768K
  class space    used 342K, capacity 564K, committed 640K, reserved 1048576K
}
Event: 0.868 GC heap after
{Heap after GC invocations=9 (full 0):
 garbage-first heap   total 378880K, used 18390K [0x0000000701c00000, 0x0000000800000000)
  region size 1024K, 2 young (2048K), 2 survivors (2048K)
 Metaspace       used 3226K, capacity 5447K, committed 5760K, reserved 1056768K
  class space    used 342K, capacity 564K, committed 640K, reserved 1048576K
}
Event: 0.916 GC heap before
{Heap before GC invocations=9 (full 0):
 garbage-first heap   total 378880K, used 243670K [0x0000000701c00000, 0x0000000800000000)
  region size 1024K, 222 young (227328K), 2 survivors (2048K)
 Metaspace       used 3226K, capacity 5447K, committed 5760K, reserved 1056768K
  class space    used 342K, capacity 564K, committed 640K, reserved 1048576K
}
Event: 0.918 GC heap after
{Heap after GC invocations=10 (full 0):
 garbage-first heap   total 378880K, used 18478K [0x0000000701c00000, 0x0000000800000000)
  region size 1024K, 3 young (3072K), 3 survivors (3072K)
 Metaspace       used 3226K, capacity 5447K, committed 5760K, reserved 1056768K
  class space    used 342K, capacity 564K, committed 640K, reserved 1048576K
}
Event: 0.950 GC heap before
{Heap before GC invocations=10 (full 0):
 garbage-first heap   total 378880K, used 242734K [0x0000000701c00000, 0x0000000800000000)
  region size 1024K, 222 young (227328K), 3 survivors (3072K)
 Metaspace       used 3226K, capacity 5447K, committed 5760K, reserved 1056768K
  class space    used 342K, capacity 564K, committed 640K, reserved 1048576K
}
Event: 0.952 GC heap after
{Heap after GC invocations=11 (full 0):
 garbage-first heap   total 378880K, used 18478K [0x0000000701c00000, 0x0000000800000000)
  region size 1024K, 3 young (3072K), 3 survivors (3072K)
 Metaspace       used 3226K, capacity 5447K, committed 5760K, reserved 1056768K
  class space    used 342K, capacity 564K, committed 640K, reserved 1048576K
}
Event: 0.990 GC heap before
{Heap before GC invocations=11 (full 0):
 garbage-first heap   total 378880K, used 241710K [0x0000000701c00000, 0x0000000800000000)
  region size 1024K, 222 young (227328K), 3 survivors (3072K)
 Metaspace       used 3226K, capacity 5447K, committed 5760K, reserved 1056768K
  class space    used 342K, capacity 564K, committed 640K, reserved 1048576K
}
Event: 0.993 GC heap after
{Heap after GC invocations=12 (full 0):
 garbage-first heap   total 378880K, used 18432K [0x0000000701c00000, 0x0000000800000000)
  region size 1024K, 2 young (2048K), 2 survivors (2048K)
 Metaspace       used 3226K, capacity 5447K, committed 5760K, reserved 1056768K
  class space    used 342K, capacity 564K, committed 640K, reserved 1048576K
}
Event: 1.045 GC heap before
{Heap before GC invocations=12 (full 0):
 garbage-first heap   total 378880K, used 243712K [0x0000000701c00000, 0x0000000800000000)
  region size 1024K, 222 young (227328K), 2 survivors (2048K)
 Metaspace       used 3437K, capacity 5466K, committed 5760K, reserved 1056768K
  class space    used 358K, capacity 569K, committed 640K, reserved 1048576K
}

