# JRE version: Java(TM) SE Runtime Environment (13.0.2+8) (build 13.0.2+8)
# Java VM: Java HotSpot(TM) 64-Bit Server VM (13.0.2+8, mixed mode, sharing, tiered, compressed oops, g1 gc, windows-amd64)
Heap:
 garbage-first heap   total 523264K, used 18432K [0x0000000701c00000, 0x0000000800000000)
  region size 1024K, 2 young (2048K), 2 survivors (2048K)
 Metaspace       used 3220K, capacity 5447K, committed 5760K, reserved 1056768K
  class space    used 342K, capacity 564K, committed 640K, reserved 1048576K
GC Heap History (20 events):
Event: 0.645 GC heap after
{Heap after GC invocations=3 (full 0):
 garbage-first heap   total 262144K, used 18478K [0x0000000701c00000, 0x0000000800000000)
  region size 1024K, 3 young (3072K), 3 survivors (3072K)
 Metaspace       used 3219K, capacity 5447K, committed 5760K, reserved 1056768K
  class space    used 342K, capacity 564K, committed 640K, reserved 1048576K
}
Event: 0.677 GC heap before
{Heap before GC invocations=3 (full 0):
 garbage-first heap   total 262144K, used 172078K [0x0000000701c00000, 0x0000000800000000)
  region size 1024K, 153 young (156672K), 3 survivors (3072K)
 Metaspace       used 3220K, capacity 5447K, committed 5760K, reserved 1056768K
  class space    used 342K, capacity 564K, committed 640K, reserved 1048576K
}
Event: 0.680 GC heap after
{Heap after GC invocations=4 (full 0):
 garbage-first heap   total 262144K, used 18405K [0x0000000701c00000, 0x0000000800000000)
  region size 1024K, 2 young (2048K), 2 survivors (2048K)
 Metaspace       used 3220K, capacity 5447K, committed 5760K, reserved 1056768K
  class space    used 342K, capacity 564K, committed 640K, reserved 1048576K
}
Event: 0.708 GC heap before
{Heap before GC invocations=4 (full 0):
 garbage-first heap   total 262144K, used 173029K [0x0000000701c00000, 0x0000000800000000)
  region size 1024K, 153 young (156672K), 2 survivors (2048K)
 Metaspace       used 3220K, capacity 5447K, committed 5760K, reserved 1056768K
  class space    used 342K, capacity 564K, committed 640K, reserved 1048576K
}
Event: 0.712 GC heap after
{Heap after GC invocations=5 (full 0):
 garbage-first heap   total 315392K, used 18432K [0x0000000701c00000, 0x0000000800000000)
  region size 1024K, 2 young (2048K), 2 survivors (2048K)
 Metaspace       used 3220K, capacity 5447K, committed 5760K, reserved 1056768K
  class space    used 342K, capacity 564K, committed 640K, reserved 1048576K
}
Event: 0.762 GC heap before
{Heap before GC invocations=5 (full 0):
 garbage-first heap   total 315392K, used 204800K [0x0000000701c00000, 0x0000000800000000)
  region size 1024K, 184 young (188416K), 2 survivors (2048K)
 Metaspace       used 3220K, capacity 5447K, committed 5760K, reserved 1056768K
  class space    used 342K, capacity 564K, committed 640K, reserved 1048576K
}
Event: 0.765 GC heap after
{Heap after GC invocations=6 (full 0):
 garbage-first heap   total 315392K, used 18479K [0x0000000701c00000, 0x0000000800000000)
  region size 1024K, 3 young (3072K), 3 survivors (3072K)
 Metaspace       used 3220K, capacity 5447K, committed 5760K, reserved 1056768K
  class space    used 342K, capacity 564K, committed 640K, reserved 1048576K
}
Event: 0.799 GC heap before
{Heap before GC invocations=6 (full 0):
 garbage-first heap   total 315392K, used 203823K [0x0000000701c00000, 0x0000000800000000)
  region size 1024K, 184 young (188416K), 3 survivors (3072K)
 Metaspace       used 3220K, capacity 5447K, committed 5760K, reserved 1056768K
  class space    used 342K, capacity 564K, committed 640K, reserved 1048576K
}
Event: 0.802 GC heap after
{Heap after GC invocations=7 (full 0):
 garbage-first heap   total 315392K, used 18432K [0x0000000701c00000, 0x0000000800000000)
  region size 1024K, 2 young (2048K), 2 survivors (2048K)
 Metaspace       used 3220K, capacity 5447K, committed 5760K, reserved 1056768K
  class space    used 342K, capacity 564K, committed 640K, reserved 1048576K
}
Event: 0.835 GC heap before
{Heap before GC invocations=7 (full 0):
 garbage-first heap   total 315392K, used 204800K [0x0000000701c00000, 0x0000000800000000)
  region size 1024K, 184 young (188416K), 2 survivors (2048K)
 Metaspace       used 3220K, capacity 5447K, committed 5760K, reserved 1056768K
  class space    used 342K, capacity 564K, committed 640K, reserved 1048576K
}
Event: 0.837 GC heap after
{Heap after GC invocations=8 (full 0):
 garbage-first heap   total 315392K, used 18432K [0x0000000701c00000, 0x0000000800000000)
  region size 1024K, 2 young (2048K), 2 survivors (2048K)
 Metaspace       used 3220K, capacity 5447K, committed 5760K, reserved 1056768K
  class space    used 342K, capacity 564K, committed 640K, reserved 1048576K
}
Event: 0.867 GC heap before
{Heap before GC invocations=8 (full 0):
 garbage-first heap   total 315392K, used 204800K [0x0000000701c00000, 0x0000000800000000)
  region size 1024K, 184 young (188416K), 2 survivors (2048K)
 Metaspace       used 3220K, capacity 5447K, committed 5760K, reserved 1056768K
  class space    used 342K, capacity 564K, committed 640K, reserved 1048576K
}
Event: 0.871 GC heap after
{Heap after GC invocations=9 (full 0):
 garbage-first heap   total 378880K, used 18478K [0x0000000701c00000, 0x0000000800000000)
  region size 1024K, 3 young (3072K), 3 survivors (3072K)
 Metaspace       used 3220K, capacity 5447K, committed 5760K, reserved 1056768K
  class space    used 342K, capacity 564K, committed 640K, reserved 1048576K
}
Event: 0.916 GC heap before
{Heap before GC invocations=9 (full 0):
 garbage-first heap   total 378880K, used 242734K [0x0000000701c00000, 0x0000000800000000)
  region size 1024K, 222 young (227328K), 3 survivors (3072K)
 Metaspace       used 3220K, capacity 5447K, committed 5760K, reserved 1056768K
  class space    used 342K, capacity 564K, committed 640K, reserved 1048576K
}
Event: 0.919 GC heap after
{Heap after GC invocations=10 (full 0):
 garbage-first heap   total 378880K, used 18478K [0x0000000701c00000, 0x0000000800000000)
  region size 1024K, 3 young (3072K), 3 survivors (3072K)
 Metaspace       used 3220K, capacity 5447K, committed 5760K, reserved 1056768K
  class space    used 342K, capacity 564K, committed 640K, reserved 1048576K
}
Event: 0.967 GC heap before
{Heap before GC invocations=10 (full 0):
 garbage-first heap   total 378880K, used 242734K [0x0000000701c00000, 0x0000000800000000)
  region size 1024K, 222 young (227328K), 3 survivors (3072K)
 Metaspace       used 3220K, capacity 5447K, committed 5760K, reserved 1056768K
  class space    used 342K, capacity 564K, committed 640K, reserved 1048576K
}
Event: 0.970 GC heap after
{Heap after GC invocations=11 (full 0):
 garbage-first heap   total 378880K, used 18432K [0x0000000701c00000, 0x0000000800000000)
  region size 1024K, 2 young (2048K), 2 survivors (2048K)
 Metaspace       used 3220K, capacity 5447K, committed 5760K, reserved 1056768K
  class space    used 342K, capacity 564K, committed 640K, reserved 1048576K
}
Event: 1.006 GC heap before
{Heap before GC invocations=11 (full 0):
 garbage-first heap   total 378880K, used 243712K [0x0000000701c00000, 0x0000000800000000)
  region size 1024K, 222 young (227328K), 2 survivors (2048K)
 Metaspace       used 3220K, capacity 5447K, committed 5760K, reserved 1056768K
  class space    used 342K, capacity 564K, committed 640K, reserved 1048576K
}
Event: 1.009 GC heap after
{Heap after GC invocations=12 (full 0):
 garbage-first heap   total 378880K, used 18432K [0x0000000701c00000, 0x0000000800000000)
  region size 1024K, 2 young (2048K), 2 survivors (2048K)
 Metaspace       used 3220K, capacity 5447K, committed 5760K, reserved 1056768K
  class space    used 342K, capacity 564K, committed 640K, reserved 1048576K
}
Event: 1.048 GC heap before
{Heap before GC invocations=12 (full 0):
 garbage-first heap   total 378880K, used 243712K [0x0000000701c00000, 0x0000000800000000)
  region size 1024K, 222 young (227328K), 2 survivors (2048K)
 Metaspace       used 3220K, capacity 5447K, committed 5760K, reserved 1056768K
  class space    used 342K, capacity 564K, committed 640K, reserved 1048576K
}

